c:\users\nox13\onedrive\documents\visual studio 2015\projects\marveltut\marveltut\marveltut.windowsphone\debug\vc120.pdb
c:\users\nox13\onedrive\documents\visual studio 2015\projects\marveltut\marveltut\marveltut.windowsphone\debug\vc120.idb
c:\users\nox13\onedrive\documents\visual studio 2015\projects\marveltut\marveltut\marveltut.windowsphone\debug\xamltypeinfo.g.obj
c:\users\nox13\onedrive\documents\visual studio 2015\projects\marveltut\debug\marveltut.windowsphone\marveltut.winmd
c:\users\nox13\onedrive\documents\visual studio 2015\projects\marveltut\marveltut\marveltut.windowsphone\debug\marveltu.25ff4da4.tlog\marveltut.winmd.lastbuild
c:\users\nox13\onedrive\documents\visual studio 2015\projects\marveltut\debug\marveltut.windowsphone\marveltut.windowsphone.ilk
c:\users\nox13\onedrive\documents\visual studio 2015\projects\marveltut\debug\marveltut.windowsphone\marveltut.windowsphone.exe
c:\users\nox13\onedrive\documents\visual studio 2015\projects\marveltut\debug\marveltut.windowsphone\marveltut.windowsphone.pdb
c:\users\nox13\onedrive\documents\visual studio 2015\projects\marveltut\debug\marveltut.windowsphone\marveltut.windowsphone.lib
c:\users\nox13\onedrive\documents\visual studio 2015\projects\marveltut\debug\marveltut.windowsphone\marveltut.windowsphone.exp
c:\users\nox13\onedrive\documents\visual studio 2015\projects\marveltut\marveltut\marveltut.windowsphone\debug\marveltut.windowsphone.vcxprojresolveassemblyreference.cache
c:\users\nox13\onedrive\documents\visual studio 2015\projects\marveltut\marveltut\marveltut.windowsphone\generated files\app.g.h
c:\users\nox13\onedrive\documents\visual studio 2015\projects\marveltut\marveltut\marveltut.windowsphone\generated files\mainpage.g.h
c:\users\nox13\onedrive\documents\visual studio 2015\projects\marveltut\marveltut\marveltut.windowsphone\generated files\xamllibmetadataprovider.g.cpp
c:\users\nox13\onedrive\documents\visual studio 2015\projects\marveltut\marveltut\marveltut.windowsphone\generated files\xamltypeinfo.impl.g.cpp
c:\users\nox13\onedrive\documents\visual studio 2015\projects\marveltut\marveltut\marveltut.windowsphone\debug\xamlsavestatefile.xml
c:\users\nox13\onedrive\documents\visual studio 2015\projects\marveltut\marveltut\marveltut.windowsphone\generated files\app.g.hpp
c:\users\nox13\onedrive\documents\visual studio 2015\projects\marveltut\marveltut\marveltut.windowsphone\generated files\mainpage.g.hpp
c:\users\nox13\onedrive\documents\visual studio 2015\projects\marveltut\marveltut\marveltut.windowsphone\generated files\xamltypeinfo.g.cpp
c:\users\nox13\onedrive\documents\visual studio 2015\projects\marveltut\marveltut\marveltut.windowsphone\generated files\app.xaml
c:\users\nox13\onedrive\documents\visual studio 2015\projects\marveltut\marveltut\marveltut.windowsphone\generated files\mainpage.xaml
c:\users\nox13\onedrive\documents\visual studio 2015\projects\marveltut\marveltut\marveltut.windowsphone\generated files\app.xbf
c:\users\nox13\onedrive\documents\visual studio 2015\projects\marveltut\marveltut\marveltut.windowsphone\generated files\mainpage.xbf
c:\users\nox13\onedrive\documents\visual studio 2015\projects\marveltut\debug\marveltut.windowsphone\app.xbf
c:\users\nox13\onedrive\documents\visual studio 2015\projects\marveltut\debug\marveltut.windowsphone\mainpage.xbf
c:\users\nox13\onedrive\documents\visual studio 2015\projects\marveltut\marveltut\marveltut.windowsphone\debug\priconfig.xml
c:\users\nox13\onedrive\documents\visual studio 2015\projects\marveltut\marveltut\marveltut.windowsphone\debug\priconfig.xml.intermediate
c:\users\nox13\onedrive\documents\visual studio 2015\projects\marveltut\marveltut\marveltut.windowsphone\debug\layout.resfiles
c:\users\nox13\onedrive\documents\visual studio 2015\projects\marveltut\marveltut\marveltut.windowsphone\debug\layout.resfiles.intermediate
c:\users\nox13\onedrive\documents\visual studio 2015\projects\marveltut\marveltut\marveltut.windowsphone\debug\resources.resfiles
c:\users\nox13\onedrive\documents\visual studio 2015\projects\marveltut\marveltut\marveltut.windowsphone\debug\resources.resfiles.intermediate
c:\users\nox13\onedrive\documents\visual studio 2015\projects\marveltut\marveltut\marveltut.windowsphone\debug\pri.resfiles
c:\users\nox13\onedrive\documents\visual studio 2015\projects\marveltut\marveltut\marveltut.windowsphone\debug\pri.resfiles.intermediate
c:\users\nox13\onedrive\documents\visual studio 2015\projects\marveltut\debug\marveltut.windowsphone\resources.pri
c:\users\nox13\onedrive\documents\visual studio 2015\projects\marveltut\marveltut\marveltut.windowsphone\debug\qualifiers.txt
c:\users\nox13\onedrive\documents\visual studio 2015\projects\marveltut\marveltut\marveltut.windowsphone\debug\qualifiers.txt.intermediate
c:\users\nox13\onedrive\documents\visual studio 2015\projects\marveltut\marveltut\marveltut.windowsphone\debug\multiplequalifiersperdimensionfound.txt
c:\users\nox13\onedrive\documents\visual studio 2015\projects\marveltut\marveltut\marveltut.windowsphone\debug\projectarchitectures.txt
c:\users\nox13\onedrive\documents\visual studio 2015\projects\marveltut\debug\marveltut.windowsphone\appxmanifest.xml
c:\users\nox13\onedrive\documents\visual studio 2015\projects\marveltut\debug\marveltut.windowsphone\marveltut.windowsphone.build.appxrecipe
e:\dev_workspace\visual studio projects\marveltut\marveltut\marveltut.windowsphone\debug\marveltut.windowsphone.vcxprojresolveassemblyreference.cache
e:\dev_workspace\visual studio projects\marveltut\marveltut\marveltut.windowsphone\debug\app.xaml.obj
e:\dev_workspace\visual studio projects\marveltut\marveltut\marveltut.windowsphone\debug\characterdetail.obj
e:\dev_workspace\visual studio projects\marveltut\marveltut\marveltut.windowsphone\debug\ijsonserializable.obj
e:\dev_workspace\visual studio projects\marveltut\marveltut\marveltut.windowsphone\debug\jsoncpp.obj
e:\dev_workspace\visual studio projects\marveltut\marveltut\marveltut.windowsphone\debug\jsonserializer.obj
e:\dev_workspace\visual studio projects\marveltut\marveltut\marveltut.windowsphone\debug\mainpage.xaml.obj
e:\dev_workspace\visual studio projects\marveltut\marveltut\marveltut.windowsphone\debug\marvelfacade.obj
e:\dev_workspace\visual studio projects\marveltut\marveltut\marveltut.windowsphone\debug\md5.obj
e:\dev_workspace\visual studio projects\marveltut\marveltut\marveltut.windowsphone\debug\xamltypeinfo.g.obj
e:\dev_workspace\visual studio projects\marveltut\marveltut\marveltut.windowsphone\debug\xamltypeinfo.impl.g.obj
e:\dev_workspace\visual studio projects\marveltut\marveltut\marveltut.windowsphone\debug\layout.resfiles
e:\dev_workspace\visual studio projects\marveltut\marveltut\marveltut.windowsphone\debug\pri.resfiles
e:\dev_workspace\visual studio projects\marveltut\marveltut\marveltut.windowsphone\debug\resources.resfiles
e:\dev_workspace\visual studio projects\marveltut\marveltut\marveltut.windowsphone\debug\vc120.idb
e:\dev_workspace\visual studio projects\marveltut\marveltut\marveltut.windowsphone\debug\vc120.pdb
e:\dev_workspace\visual studio projects\marveltut\marveltut\marveltut.windowsphone\debug\priconfig.xml
e:\dev_workspace\visual studio projects\marveltut\marveltut\marveltut.windowsphone\debug\xamlsavestatefile.xml
e:\dev_workspace\visual studio projects\marveltut\debug\marveltut.windowsphone\marveltut.windowsphone.pdb
e:\dev_workspace\visual studio projects\marveltut\debug\marveltut.windowsphone\marveltut.windowsphone.exe
e:\dev_workspace\visual studio projects\marveltut\debug\marveltut.windowsphone\marveltut.windowsphone.ilk
e:\dev_workspace\visual studio projects\marveltut\marveltut\marveltut.windowsphone\debug\marveltu.25ff4da4.tlog\cl.command.1.tlog
e:\dev_workspace\visual studio projects\marveltut\marveltut\marveltut.windowsphone\debug\marveltu.25ff4da4.tlog\cl.read.1.tlog
e:\dev_workspace\visual studio projects\marveltut\marveltut\marveltut.windowsphone\debug\marveltu.25ff4da4.tlog\cl.write.1.tlog
e:\dev_workspace\visual studio projects\marveltut\marveltut\marveltut.windowsphone\debug\marveltu.25ff4da4.tlog\link.command.1.tlog
e:\dev_workspace\visual studio projects\marveltut\marveltut\marveltut.windowsphone\debug\marveltu.25ff4da4.tlog\link.read.1.tlog
e:\dev_workspace\visual studio projects\marveltut\marveltut\marveltut.windowsphone\debug\marveltu.25ff4da4.tlog\link.write.1.tlog
e:\dev_workspace\visual studio projects\marveltut\marveltut\marveltut.windowsphone\debug\marveltu.25ff4da4.tlog\marveltut.windowsphone.read.1u.tlog
e:\dev_workspace\visual studio projects\marveltut\marveltut\marveltut.windowsphone\debug\marveltu.25ff4da4.tlog\marveltut.windowsphone.write.1u.tlog
e:\dev_workspace\visual studio projects\marveltut\marveltut\marveltut.windowsphone\generated files\app.g.h
e:\dev_workspace\visual studio projects\marveltut\marveltut\marveltut.windowsphone\generated files\mainpage.g.h
e:\dev_workspace\visual studio projects\marveltut\marveltut\marveltut.windowsphone\generated files\xamltypeinfo.g.h
e:\dev_workspace\visual studio projects\marveltut\marveltut\marveltut.windowsphone\generated files\xamllibmetadataprovider.g.cpp
e:\dev_workspace\visual studio projects\marveltut\marveltut\marveltut.windowsphone\generated files\xamltypeinfo.g.cpp
e:\dev_workspace\visual studio projects\marveltut\marveltut\marveltut.windowsphone\generated files\xamltypeinfo.impl.g.cpp
e:\dev_workspace\visual studio projects\marveltut\marveltut\marveltut.windowsphone\generated files\app.xaml
e:\dev_workspace\visual studio projects\marveltut\marveltut\marveltut.windowsphone\generated files\mainpage.xaml
