c:\users\nox13\onedrive\documents\visual studio 2015\projects\marveltut\marveltut\marveltut.windows\debug\vc120.pdb
c:\users\nox13\onedrive\documents\visual studio 2015\projects\marveltut\marveltut\marveltut.windows\debug\vc120.idb
c:\users\nox13\onedrive\documents\visual studio 2015\projects\marveltut\marveltut\marveltut.windows\debug\xamltypeinfo.g.obj
c:\users\nox13\onedrive\documents\visual studio 2015\projects\marveltut\marveltut\marveltut.windows\debug\marvelfacade.obj
c:\users\nox13\onedrive\documents\visual studio 2015\projects\marveltut\marveltut\marveltut.windows\debug\marveltu.f6eb63e8.tlog\marveltut.winmd.lastbuild
c:\users\nox13\onedrive\documents\visual studio 2015\projects\marveltut\debug\marveltut.windows\marveltut.windows.ilk
c:\users\nox13\onedrive\documents\visual studio 2015\projects\marveltut\debug\marveltut.windows\marveltut.windows.exe
c:\users\nox13\onedrive\documents\visual studio 2015\projects\marveltut\debug\marveltut.windows\marveltut.windows.pdb
c:\users\nox13\onedrive\documents\visual studio 2015\projects\marveltut\debug\marveltut.windows\marveltut.winmd
c:\users\nox13\onedrive\documents\visual studio 2015\projects\marveltut\debug\marveltut.windows\marveltut.windows.lib
c:\users\nox13\onedrive\documents\visual studio 2015\projects\marveltut\debug\marveltut.windows\marveltut.windows.exp
c:\users\nox13\onedrive\documents\visual studio 2015\projects\marveltut\marveltut\marveltut.windows\generated files\app.g.h
c:\users\nox13\onedrive\documents\visual studio 2015\projects\marveltut\marveltut\marveltut.windows\generated files\mainpage.g.h
c:\users\nox13\onedrive\documents\visual studio 2015\projects\marveltut\marveltut\marveltut.windows\generated files\xamllibmetadataprovider.g.cpp
c:\users\nox13\onedrive\documents\visual studio 2015\projects\marveltut\marveltut\marveltut.windows\generated files\xamltypeinfo.impl.g.cpp
c:\users\nox13\onedrive\documents\visual studio 2015\projects\marveltut\marveltut\marveltut.windows\debug\xamlsavestatefile.xml
c:\users\nox13\onedrive\documents\visual studio 2015\projects\marveltut\marveltut\marveltut.windows\generated files\app.g.hpp
c:\users\nox13\onedrive\documents\visual studio 2015\projects\marveltut\marveltut\marveltut.windows\generated files\mainpage.g.hpp
c:\users\nox13\onedrive\documents\visual studio 2015\projects\marveltut\marveltut\marveltut.windows\generated files\xamltypeinfo.g.cpp
c:\users\nox13\onedrive\documents\visual studio 2015\projects\marveltut\marveltut\marveltut.windows\generated files\app.xaml
c:\users\nox13\onedrive\documents\visual studio 2015\projects\marveltut\marveltut\marveltut.windows\generated files\mainpage.xaml
c:\users\nox13\onedrive\documents\visual studio 2015\projects\marveltut\marveltut\marveltut.windows\generated files\app.xbf
c:\users\nox13\onedrive\documents\visual studio 2015\projects\marveltut\marveltut\marveltut.windows\generated files\mainpage.xbf
c:\users\nox13\onedrive\documents\visual studio 2015\projects\marveltut\debug\marveltut.windows\app.xbf
c:\users\nox13\onedrive\documents\visual studio 2015\projects\marveltut\debug\marveltut.windows\mainpage.xbf
c:\users\nox13\onedrive\documents\visual studio 2015\projects\marveltut\marveltut\marveltut.windows\debug\priconfig.xml
c:\users\nox13\onedrive\documents\visual studio 2015\projects\marveltut\marveltut\marveltut.windows\debug\priconfig.xml.intermediate
c:\users\nox13\onedrive\documents\visual studio 2015\projects\marveltut\marveltut\marveltut.windows\debug\layout.resfiles
c:\users\nox13\onedrive\documents\visual studio 2015\projects\marveltut\marveltut\marveltut.windows\debug\layout.resfiles.intermediate
c:\users\nox13\onedrive\documents\visual studio 2015\projects\marveltut\marveltut\marveltut.windows\debug\resources.resfiles
c:\users\nox13\onedrive\documents\visual studio 2015\projects\marveltut\marveltut\marveltut.windows\debug\resources.resfiles.intermediate
c:\users\nox13\onedrive\documents\visual studio 2015\projects\marveltut\marveltut\marveltut.windows\debug\pri.resfiles
c:\users\nox13\onedrive\documents\visual studio 2015\projects\marveltut\marveltut\marveltut.windows\debug\pri.resfiles.intermediate
c:\users\nox13\onedrive\documents\visual studio 2015\projects\marveltut\debug\marveltut.windows\resources.pri
c:\users\nox13\onedrive\documents\visual studio 2015\projects\marveltut\marveltut\marveltut.windows\debug\qualifiers.txt
c:\users\nox13\onedrive\documents\visual studio 2015\projects\marveltut\marveltut\marveltut.windows\debug\qualifiers.txt.intermediate
c:\users\nox13\onedrive\documents\visual studio 2015\projects\marveltut\marveltut\marveltut.windows\debug\multiplequalifiersperdimensionfound.txt
c:\users\nox13\onedrive\documents\visual studio 2015\projects\marveltut\marveltut\marveltut.windows\debug\projectarchitectures.txt
c:\users\nox13\onedrive\documents\visual studio 2015\projects\marveltut\debug\marveltut.windows\appxmanifest.xml
c:\users\nox13\onedrive\documents\visual studio 2015\projects\marveltut\debug\marveltut.windows\marveltut.windows.build.appxrecipe
c:\users\nox13\onedrive\documents\visual studio 2015\projects\marveltut\marveltut\marveltut.windows\debug\marveltut.windows.vcxprojresolveassemblyreference.cache
e:\dev_workspace\visual studio projects\marveltut\marveltut\marveltut.windows\debug\marveltut.windows.vcxprojresolveassemblyreference.cache
e:\dev_workspace\visual studio projects\marveltut\marveltut\marveltut.windows\debug\app.xaml.obj
e:\dev_workspace\visual studio projects\marveltut\marveltut\marveltut.windows\debug\characterdetail.obj
e:\dev_workspace\visual studio projects\marveltut\marveltut\marveltut.windows\debug\ijsonserializable.obj
e:\dev_workspace\visual studio projects\marveltut\marveltut\marveltut.windows\debug\jsoncpp.obj
e:\dev_workspace\visual studio projects\marveltut\marveltut\marveltut.windows\debug\jsonserializer.obj
e:\dev_workspace\visual studio projects\marveltut\marveltut\marveltut.windows\debug\mainpage.xaml.obj
e:\dev_workspace\visual studio projects\marveltut\marveltut\marveltut.windows\debug\marvelfacade.obj
e:\dev_workspace\visual studio projects\marveltut\marveltut\marveltut.windows\debug\md5.obj
e:\dev_workspace\visual studio projects\marveltut\marveltut\marveltut.windows\debug\xamltypeinfo.g.obj
e:\dev_workspace\visual studio projects\marveltut\marveltut\marveltut.windows\debug\xamltypeinfo.impl.g.obj
e:\dev_workspace\visual studio projects\marveltut\marveltut\marveltut.windows\debug\layout.resfiles
e:\dev_workspace\visual studio projects\marveltut\marveltut\marveltut.windows\debug\pri.resfiles
e:\dev_workspace\visual studio projects\marveltut\marveltut\marveltut.windows\debug\resources.resfiles
e:\dev_workspace\visual studio projects\marveltut\marveltut\marveltut.windows\debug\vc120.idb
e:\dev_workspace\visual studio projects\marveltut\marveltut\marveltut.windows\debug\vc120.pdb
e:\dev_workspace\visual studio projects\marveltut\marveltut\marveltut.windows\debug\priconfig.xml
e:\dev_workspace\visual studio projects\marveltut\marveltut\marveltut.windows\debug\xamlsavestatefile.xml
e:\dev_workspace\visual studio projects\marveltut\debug\marveltut.windows\marveltut.windows.pdb
e:\dev_workspace\visual studio projects\marveltut\debug\marveltut.windows\marveltut.windows.exe
e:\dev_workspace\visual studio projects\marveltut\debug\marveltut.windows\marveltut.windows.ilk
e:\dev_workspace\visual studio projects\marveltut\marveltut\marveltut.windows\debug\marveltu.f6eb63e8.tlog\cl.command.1.tlog
e:\dev_workspace\visual studio projects\marveltut\marveltut\marveltut.windows\debug\marveltu.f6eb63e8.tlog\cl.read.1.tlog
e:\dev_workspace\visual studio projects\marveltut\marveltut\marveltut.windows\debug\marveltu.f6eb63e8.tlog\cl.write.1.tlog
e:\dev_workspace\visual studio projects\marveltut\marveltut\marveltut.windows\debug\marveltu.f6eb63e8.tlog\link.command.1.tlog
e:\dev_workspace\visual studio projects\marveltut\marveltut\marveltut.windows\debug\marveltu.f6eb63e8.tlog\link.read.1.tlog
e:\dev_workspace\visual studio projects\marveltut\marveltut\marveltut.windows\debug\marveltu.f6eb63e8.tlog\link.write.1.tlog
e:\dev_workspace\visual studio projects\marveltut\marveltut\marveltut.windows\debug\marveltu.f6eb63e8.tlog\marveltut.windows.read.1u.tlog
e:\dev_workspace\visual studio projects\marveltut\marveltut\marveltut.windows\debug\marveltu.f6eb63e8.tlog\marveltut.windows.write.1u.tlog
e:\dev_workspace\visual studio projects\marveltut\marveltut\marveltut.windows\generated files\app.g.h
e:\dev_workspace\visual studio projects\marveltut\marveltut\marveltut.windows\generated files\mainpage.g.h
e:\dev_workspace\visual studio projects\marveltut\marveltut\marveltut.windows\generated files\xamltypeinfo.g.h
e:\dev_workspace\visual studio projects\marveltut\marveltut\marveltut.windows\generated files\xamllibmetadataprovider.g.cpp
e:\dev_workspace\visual studio projects\marveltut\marveltut\marveltut.windows\generated files\xamltypeinfo.g.cpp
e:\dev_workspace\visual studio projects\marveltut\marveltut\marveltut.windows\generated files\xamltypeinfo.impl.g.cpp
e:\dev_workspace\visual studio projects\marveltut\marveltut\marveltut.windows\generated files\app.xaml
e:\dev_workspace\visual studio projects\marveltut\marveltut\marveltut.windows\generated files\mainpage.xaml
